0 info it worked if it ends with ok
1 verbose cli [ 'C:\\Program Files\\nodejs\\node.exe',
1 verbose cli   'C:\\Users\\Xacheiree\\AppData\\Roaming\\npm\\node_modules\\npm\\bin\\npm-cli.js',
1 verbose cli   'link',
1 verbose cli   'action-series-pages' ]
2 info using npm@4.1.2
3 info using node@v8.11.1
4 silly loadCurrentTree Starting
5 silly install loadCurrentTree
6 silly install readGlobalPackageData
7 silly fetchPackageMetaData action-series-pages
8 silly fetchNamedPackageData action-series-pages
9 silly mapToRegistry name action-series-pages
10 silly mapToRegistry using default registry
11 silly mapToRegistry registry https://registry.npmjs.org/
12 silly mapToRegistry data Result {
12 silly mapToRegistry   raw: 'action-series-pages',
12 silly mapToRegistry   scope: null,
12 silly mapToRegistry   escapedName: 'action-series-pages',
12 silly mapToRegistry   name: 'action-series-pages',
12 silly mapToRegistry   rawSpec: '',
12 silly mapToRegistry   spec: 'latest',
12 silly mapToRegistry   type: 'tag' }
13 silly mapToRegistry uri https://registry.npmjs.org/action-series-pages
14 verbose request uri https://registry.npmjs.org/action-series-pages
15 verbose request no auth needed
16 info attempt registry request try #1 at 11:49:43
17 verbose request id 05ee3af3feaf3480
18 http request GET https://registry.npmjs.org/action-series-pages
19 http 404 https://registry.npmjs.org/action-series-pages
20 verbose headers { date: 'Mon, 11 Jun 2018 17:49:43 GMT',
20 verbose headers   'content-type': 'application/json',
20 verbose headers   'content-length': '21',
20 verbose headers   connection: 'keep-alive',
20 verbose headers   'set-cookie':
20 verbose headers    [ '__cfduid=d8ff86061b1149b3ace6fa2b24d46aea31528739383; expires=Tue, 11-Jun-19 17:49:43 GMT; path=/; domain=.registry.npmjs.org; HttpOnly' ],
20 verbose headers   'cache-control': 'max-age=300',
20 verbose headers   'cf-cache-status': 'MISS',
20 verbose headers   'cf-ray': '4295ea789b084ff9-DEN',
20 verbose headers   'expect-ct': 'max-age=604800, report-uri="https://report-uri.cloudflare.com/cdn-cgi/beacon/expect-ct"',
20 verbose headers   vary: 'accept-encoding, accept',
20 verbose headers   server: 'cloudflare' }
21 silly get cb [ 404,
21 silly get   { date: 'Mon, 11 Jun 2018 17:49:43 GMT',
21 silly get     'content-type': 'application/json',
21 silly get     'content-length': '21',
21 silly get     connection: 'keep-alive',
21 silly get     'set-cookie':
21 silly get      [ '__cfduid=d8ff86061b1149b3ace6fa2b24d46aea31528739383; expires=Tue, 11-Jun-19 17:49:43 GMT; path=/; domain=.registry.npmjs.org; HttpOnly' ],
21 silly get     'cache-control': 'max-age=300',
21 silly get     'cf-cache-status': 'MISS',
21 silly get     'cf-ray': '4295ea789b084ff9-DEN',
21 silly get     'expect-ct': 'max-age=604800, report-uri="https://report-uri.cloudflare.com/cdn-cgi/beacon/expect-ct"',
21 silly get     vary: 'accept-encoding, accept',
21 silly get     server: 'cloudflare' } ]
22 silly fetchPackageMetaData Error: Not found : action-series-pages
22 silly fetchPackageMetaData     at makeError (C:\Users\Xacheiree\AppData\Roaming\npm\node_modules\npm\node_modules\npm-registry-client\lib\request.js:304:12)
22 silly fetchPackageMetaData     at CachingRegistryClient.<anonymous> (C:\Users\Xacheiree\AppData\Roaming\npm\node_modules\npm\node_modules\npm-registry-client\lib\request.js:292:14)
22 silly fetchPackageMetaData     at Request._callback (C:\Users\Xacheiree\AppData\Roaming\npm\node_modules\npm\node_modules\npm-registry-client\lib\request.js:212:14)
22 silly fetchPackageMetaData     at Request.self.callback (C:\Users\Xacheiree\AppData\Roaming\npm\node_modules\npm\node_modules\request\request.js:186:22)
22 silly fetchPackageMetaData     at emitTwo (events.js:126:13)
22 silly fetchPackageMetaData     at Request.emit (events.js:214:7)
22 silly fetchPackageMetaData     at Request.<anonymous> (C:\Users\Xacheiree\AppData\Roaming\npm\node_modules\npm\node_modules\request\request.js:1081:10)
22 silly fetchPackageMetaData     at emitOne (events.js:116:13)
22 silly fetchPackageMetaData     at Request.emit (events.js:211:7)
22 silly fetchPackageMetaData     at IncomingMessage.<anonymous> (C:\Users\Xacheiree\AppData\Roaming\npm\node_modules\npm\node_modules\request\request.js:1001:12)
22 silly fetchPackageMetaData  error for action-series-pages { Error: Not found : action-series-pages
22 silly fetchPackageMetaData     at makeError (C:\Users\Xacheiree\AppData\Roaming\npm\node_modules\npm\node_modules\npm-registry-client\lib\request.js:304:12)
22 silly fetchPackageMetaData     at CachingRegistryClient.<anonymous> (C:\Users\Xacheiree\AppData\Roaming\npm\node_modules\npm\node_modules\npm-registry-client\lib\request.js:292:14)
22 silly fetchPackageMetaData     at Request._callback (C:\Users\Xacheiree\AppData\Roaming\npm\node_modules\npm\node_modules\npm-registry-client\lib\request.js:212:14)
22 silly fetchPackageMetaData     at Request.self.callback (C:\Users\Xacheiree\AppData\Roaming\npm\node_modules\npm\node_modules\request\request.js:186:22)
22 silly fetchPackageMetaData     at emitTwo (events.js:126:13)
22 silly fetchPackageMetaData     at Request.emit (events.js:214:7)
22 silly fetchPackageMetaData     at Request.<anonymous> (C:\Users\Xacheiree\AppData\Roaming\npm\node_modules\npm\node_modules\request\request.js:1081:10)
22 silly fetchPackageMetaData     at emitOne (events.js:116:13)
22 silly fetchPackageMetaData     at Request.emit (events.js:211:7)
22 silly fetchPackageMetaData     at IncomingMessage.<anonymous> (C:\Users\Xacheiree\AppData\Roaming\npm\node_modules\npm\node_modules\request\request.js:1001:12) pkgid: 'action-series-pages', statusCode: 404, code: 'E404' }
23 silly rollbackFailedOptional Starting
24 verbose stack TypeError: Cannot read property 'path' of null
24 verbose stack     at Installer.rollbackFailedOptional (C:\Users\Xacheiree\AppData\Roaming\npm\node_modules\npm\lib\install.js:511:30)
24 verbose stack     at Array.<anonymous> (C:\Users\Xacheiree\AppData\Roaming\npm\node_modules\npm\node_modules\slide\lib\bind-actor.js:15:8)
24 verbose stack     at LOOP (C:\Users\Xacheiree\AppData\Roaming\npm\node_modules\npm\node_modules\slide\lib\chain.js:15:14)
24 verbose stack     at C:\Users\Xacheiree\AppData\Roaming\npm\node_modules\npm\node_modules\slide\lib\chain.js:18:7
24 verbose stack     at C:\Users\Xacheiree\AppData\Roaming\npm\node_modules\npm\lib\install.js:337:5
24 verbose stack     at Array.<anonymous> (C:\Users\Xacheiree\AppData\Roaming\npm\node_modules\npm\node_modules\slide\lib\bind-actor.js:15:8)
24 verbose stack     at LOOP (C:\Users\Xacheiree\AppData\Roaming\npm\node_modules\npm\node_modules\slide\lib\chain.js:15:14)
24 verbose stack     at chain (C:\Users\Xacheiree\AppData\Roaming\npm\node_modules\npm\node_modules\slide\lib\chain.js:20:5)
24 verbose stack     at C:\Users\Xacheiree\AppData\Roaming\npm\node_modules\npm\lib\install.js:294:5
24 verbose stack     at C:\Users\Xacheiree\AppData\Roaming\npm\node_modules\npm\node_modules\slide\lib\chain.js:16:22
25 verbose cwd C:\Users\Xacheiree\Desktop\Projects\action-series-modules
26 error Windows_NT 10.0.14393
27 error argv "C:\\Program Files\\nodejs\\node.exe" "C:\\Users\\Xacheiree\\AppData\\Roaming\\npm\\node_modules\\npm\\bin\\npm-cli.js" "link" "action-series-pages"
28 error node v8.11.1
29 error npm  v4.1.2
30 error Cannot read property 'path' of null
31 error If you need help, you may report this error at:
31 error     <https://github.com/npm/npm/issues>
32 verbose exit [ 1, true ]
